c:\openfresco2019\win64\obj\openfrescodll\debug\expcontrolcommands.obj
c:\openfresco2019\win64\obj\openfrescodll\debug\expelementcommands.obj
c:\openfresco2019\win64\obj\openfrescodll\debug\exprecordercommands.obj
c:\openfresco2019\win64\obj\openfrescodll\debug\expsetupcommands.obj
c:\openfresco2019\win64\obj\openfrescodll\debug\expsignalfiltercommands.obj
c:\openfresco2019\win64\obj\openfrescodll\debug\expsitecommands.obj
c:\openfresco2019\win64\obj\openfrescodll\debug\exptangentstiffcommands.obj
c:\openfresco2019\win64\obj\openfrescodll\debug\openfrescopackage.obj
c:\openfresco2019\win64\obj\openfrescodll\debug\win32functions.obj
c:\openfresco2019\win64\obj\openfrescodll\debug\vc142.pdb
c:\openfresco2019\win64\obj\openfrescodll\debug\expcontrolcommands.sbr
c:\openfresco2019\win64\obj\openfrescodll\debug\expelementcommands.sbr
c:\openfresco2019\win64\obj\openfrescodll\debug\exprecordercommands.sbr
c:\openfresco2019\win64\obj\openfrescodll\debug\expsetupcommands.sbr
c:\openfresco2019\win64\obj\openfrescodll\debug\expsignalfiltercommands.sbr
c:\openfresco2019\win64\obj\openfrescodll\debug\expsitecommands.sbr
c:\openfresco2019\win64\obj\openfrescodll\debug\exptangentstiffcommands.sbr
c:\openfresco2019\win64\obj\openfrescodll\debug\openfrescopackage.sbr
c:\openfresco2019\win64\obj\openfrescodll\debug\win32functions.sbr
c:\openfresco2019\win64\obj\openfrescodll\debug\openfrescodll.tlog\cl.command.1.tlog
