c:\openfresco2019\win64\obj\openfrescopyd\debug\dl_interpreter.obj
c:\openfresco2019\win64\obj\openfrescopyd\debug\expcontrolcommands.obj
c:\openfresco2019\win64\obj\openfrescopyd\debug\expelementcommands.obj
c:\openfresco2019\win64\obj\openfrescopyd\debug\exprecordercommands.obj
c:\openfresco2019\win64\obj\openfrescopyd\debug\expsetupcommands.obj
c:\openfresco2019\win64\obj\openfrescopyd\debug\expsignalfiltercommands.obj
c:\openfresco2019\win64\obj\openfrescopyd\debug\expsitecommands.obj
c:\openfresco2019\win64\obj\openfrescopyd\debug\exptangentstiffcommands.obj
c:\openfresco2019\win64\obj\openfrescopyd\debug\openfrescocommands.obj
c:\openfresco2019\win64\obj\openfrescopyd\debug\vc142.pdb
c:\openfresco2019\win64\obj\openfrescopyd\debug\dl_interpreter.sbr
c:\openfresco2019\win64\obj\openfrescopyd\debug\expcontrolcommands.sbr
c:\openfresco2019\win64\obj\openfrescopyd\debug\expelementcommands.sbr
c:\openfresco2019\win64\obj\openfrescopyd\debug\exprecordercommands.sbr
c:\openfresco2019\win64\obj\openfrescopyd\debug\expsetupcommands.sbr
c:\openfresco2019\win64\obj\openfrescopyd\debug\expsignalfiltercommands.sbr
c:\openfresco2019\win64\obj\openfrescopyd\debug\expsitecommands.sbr
c:\openfresco2019\win64\obj\openfrescopyd\debug\exptangentstiffcommands.sbr
c:\openfresco2019\win64\obj\openfrescopyd\debug\openfrescocommands.sbr
c:\openfresco2019\win64\obj\openfrescopyd\debug\openfrescopyd.tlog\cl.command.1.tlog
