c:\openfresco2019\win64\lib\debug\experimentaltangentstiff.bsc
c:\openfresco2019\win64\obj\experimentaltangentstiff\debug\vc142.pdb
c:\openfresco2019\win64\obj\experimentaltangentstiff\debug\etbfgs.sbr
c:\openfresco2019\win64\obj\experimentaltangentstiff\debug\etbroyden.sbr
c:\openfresco2019\win64\obj\experimentaltangentstiff\debug\ettranspose.sbr
c:\openfresco2019\win64\obj\experimentaltangentstiff\debug\experimentaltangentstiff.sbr
c:\openfresco2019\win64\obj\experimentaltangentstiff\debug\experimentaltangentstiff.obj
c:\openfresco2019\win64\obj\experimentaltangentstiff\debug\ettranspose.obj
c:\openfresco2019\win64\obj\experimentaltangentstiff\debug\etbroyden.obj
c:\openfresco2019\win64\obj\experimentaltangentstiff\debug\etbfgs.obj
c:\openfresco2019\win64\lib\debug\experimentaltangentstiff.lib
c:\openfresco2019\win64\obj\experimentaltangentstiff\debug\experime.d7c21cee.tlog\bscmake.command.1.tlog
c:\openfresco2019\win64\obj\experimentaltangentstiff\debug\experime.d7c21cee.tlog\bscmake.read.1.tlog
c:\openfresco2019\win64\obj\experimentaltangentstiff\debug\experime.d7c21cee.tlog\bscmake.write.1.tlog
c:\openfresco2019\win64\obj\experimentaltangentstiff\debug\experime.d7c21cee.tlog\cl.command.1.tlog
c:\openfresco2019\win64\obj\experimentaltangentstiff\debug\experime.d7c21cee.tlog\cl.read.1.tlog
c:\openfresco2019\win64\obj\experimentaltangentstiff\debug\experime.d7c21cee.tlog\cl.write.1.tlog
c:\openfresco2019\win64\obj\experimentaltangentstiff\debug\experime.d7c21cee.tlog\lib-link.read.1.tlog
c:\openfresco2019\win64\obj\experimentaltangentstiff\debug\experime.d7c21cee.tlog\lib-link.write.1.tlog
c:\openfresco2019\win64\obj\experimentaltangentstiff\debug\experime.d7c21cee.tlog\lib.command.1.tlog
