c:\openfresco2019\win64\lib\debug\experimentalsite.bsc
c:\openfresco2019\win64\obj\experimentalsite\debug\vc142.pdb
c:\openfresco2019\win64\obj\experimentalsite\debug\actorexpsite.sbr
c:\openfresco2019\win64\obj\experimentalsite\debug\experimentalsite.sbr
c:\openfresco2019\win64\obj\experimentalsite\debug\localexpsite.sbr
c:\openfresco2019\win64\obj\experimentalsite\debug\shadowexpsite.sbr
c:\openfresco2019\win64\obj\experimentalsite\debug\shadowexpsite.obj
c:\openfresco2019\win64\obj\experimentalsite\debug\localexpsite.obj
c:\openfresco2019\win64\obj\experimentalsite\debug\experimentalsite.obj
c:\openfresco2019\win64\obj\experimentalsite\debug\actorexpsite.obj
c:\openfresco2019\win64\lib\debug\experimentalsite.lib
c:\openfresco2019\win64\obj\experimentalsite\debug\experimentalsite.tlog\bscmake.command.1.tlog
c:\openfresco2019\win64\obj\experimentalsite\debug\experimentalsite.tlog\bscmake.read.1.tlog
c:\openfresco2019\win64\obj\experimentalsite\debug\experimentalsite.tlog\bscmake.write.1.tlog
c:\openfresco2019\win64\obj\experimentalsite\debug\experimentalsite.tlog\cl.command.1.tlog
c:\openfresco2019\win64\obj\experimentalsite\debug\experimentalsite.tlog\cl.read.1.tlog
c:\openfresco2019\win64\obj\experimentalsite\debug\experimentalsite.tlog\cl.write.1.tlog
c:\openfresco2019\win64\obj\experimentalsite\debug\experimentalsite.tlog\lib-link.read.1.tlog
c:\openfresco2019\win64\obj\experimentalsite\debug\experimentalsite.tlog\lib-link.write.1.tlog
c:\openfresco2019\win64\obj\experimentalsite\debug\experimentalsite.tlog\lib.command.1.tlog
