c:\openfresco2019\win64\lib\debug\experimentalelement.bsc
c:\openfresco2019\win64\obj\experimentalelement\debug\vc142.pdb
c:\openfresco2019\win64\obj\experimentalelement\debug\eebeamcolumn2d.sbr
c:\openfresco2019\win64\obj\experimentalelement\debug\eebeamcolumn3d.sbr
c:\openfresco2019\win64\obj\experimentalelement\debug\eebearing2d.sbr
c:\openfresco2019\win64\obj\experimentalelement\debug\eebearing3d.sbr
c:\openfresco2019\win64\obj\experimentalelement\debug\eegeneric.sbr
c:\openfresco2019\win64\obj\experimentalelement\debug\eeinvertedvbrace2d.sbr
c:\openfresco2019\win64\obj\experimentalelement\debug\eetruss.sbr
c:\openfresco2019\win64\obj\experimentalelement\debug\eetrusscorot.sbr
c:\openfresco2019\win64\obj\experimentalelement\debug\eetwonodelink.sbr
c:\openfresco2019\win64\obj\experimentalelement\debug\experimentalelement.sbr
c:\openfresco2019\win64\obj\experimentalelement\debug\experimentalelement.obj
c:\openfresco2019\win64\obj\experimentalelement\debug\eetwonodelink.obj
c:\openfresco2019\win64\obj\experimentalelement\debug\eetrusscorot.obj
c:\openfresco2019\win64\obj\experimentalelement\debug\eetruss.obj
c:\openfresco2019\win64\obj\experimentalelement\debug\eeinvertedvbrace2d.obj
c:\openfresco2019\win64\obj\experimentalelement\debug\eegeneric.obj
c:\openfresco2019\win64\obj\experimentalelement\debug\eebearing3d.obj
c:\openfresco2019\win64\obj\experimentalelement\debug\eebearing2d.obj
c:\openfresco2019\win64\obj\experimentalelement\debug\eebeamcolumn3d.obj
c:\openfresco2019\win64\obj\experimentalelement\debug\eebeamcolumn2d.obj
c:\openfresco2019\win64\lib\debug\experimentalelement.lib
c:\openfresco2019\win64\obj\experimentalelement\debug\experime.7799f841.tlog\bscmake.command.1.tlog
c:\openfresco2019\win64\obj\experimentalelement\debug\experime.7799f841.tlog\bscmake.read.1.tlog
c:\openfresco2019\win64\obj\experimentalelement\debug\experime.7799f841.tlog\bscmake.write.1.tlog
c:\openfresco2019\win64\obj\experimentalelement\debug\experime.7799f841.tlog\cl.command.1.tlog
c:\openfresco2019\win64\obj\experimentalelement\debug\experime.7799f841.tlog\cl.read.1.tlog
c:\openfresco2019\win64\obj\experimentalelement\debug\experime.7799f841.tlog\cl.write.1.tlog
c:\openfresco2019\win64\obj\experimentalelement\debug\experime.7799f841.tlog\lib-link.read.1.tlog
c:\openfresco2019\win64\obj\experimentalelement\debug\experime.7799f841.tlog\lib-link.write.1.tlog
c:\openfresco2019\win64\obj\experimentalelement\debug\experime.7799f841.tlog\lib.command.1.tlog
