c:\openfresco\win64\lib\debug\experimentalrecorder.bsc
c:\openfresco\win64\obj\experimentalrecorder\debug\vc142.pdb
c:\openfresco\win64\obj\experimentalrecorder\debug\expcontrolrecorder.sbr
c:\openfresco\win64\obj\experimentalrecorder\debug\expsetuprecorder.sbr
c:\openfresco\win64\obj\experimentalrecorder\debug\expsignalfilterrecorder.sbr
c:\openfresco\win64\obj\experimentalrecorder\debug\expsiterecorder.sbr
c:\openfresco\win64\obj\experimentalrecorder\debug\exptangentstiffrecorder.sbr
c:\openfresco\win64\obj\experimentalrecorder\debug\expcontrolresponse.sbr
c:\openfresco\win64\obj\experimentalrecorder\debug\expsetupresponse.sbr
c:\openfresco\win64\obj\experimentalrecorder\debug\expsignalfilterresponse.sbr
c:\openfresco\win64\obj\experimentalrecorder\debug\expsiteresponse.sbr
c:\openfresco\win64\obj\experimentalrecorder\debug\exptangentstiffresponse.sbr
c:\openfresco\win64\obj\experimentalrecorder\debug\exptangentstiffresponse.obj
c:\openfresco\win64\obj\experimentalrecorder\debug\expsiteresponse.obj
c:\openfresco\win64\obj\experimentalrecorder\debug\expsignalfilterresponse.obj
c:\openfresco\win64\obj\experimentalrecorder\debug\expsetupresponse.obj
c:\openfresco\win64\obj\experimentalrecorder\debug\expcontrolresponse.obj
c:\openfresco\win64\obj\experimentalrecorder\debug\exptangentstiffrecorder.obj
c:\openfresco\win64\obj\experimentalrecorder\debug\expsiterecorder.obj
c:\openfresco\win64\obj\experimentalrecorder\debug\expsignalfilterrecorder.obj
c:\openfresco\win64\obj\experimentalrecorder\debug\expsetuprecorder.obj
c:\openfresco\win64\obj\experimentalrecorder\debug\expcontrolrecorder.obj
c:\openfresco\win64\lib\debug\experimentalrecorder.lib
c:\openfresco2019\win64\obj\experimentalrecorder\debug\expcontrolrecorder.obj
c:\openfresco2019\win64\obj\experimentalrecorder\debug\expcontrolresponse.obj
c:\openfresco2019\win64\obj\experimentalrecorder\debug\expsetuprecorder.obj
c:\openfresco2019\win64\obj\experimentalrecorder\debug\expsetupresponse.obj
c:\openfresco2019\win64\obj\experimentalrecorder\debug\expsignalfilterrecorder.obj
c:\openfresco2019\win64\obj\experimentalrecorder\debug\expsignalfilterresponse.obj
c:\openfresco2019\win64\obj\experimentalrecorder\debug\expsiterecorder.obj
c:\openfresco2019\win64\obj\experimentalrecorder\debug\expsiteresponse.obj
c:\openfresco2019\win64\obj\experimentalrecorder\debug\exptangentstiffrecorder.obj
c:\openfresco2019\win64\obj\experimentalrecorder\debug\exptangentstiffresponse.obj
c:\openfresco2019\win64\obj\experimentalrecorder\debug\vc142.pdb
c:\openfresco2019\win64\obj\experimentalrecorder\debug\expcontrolrecorder.sbr
c:\openfresco2019\win64\obj\experimentalrecorder\debug\expcontrolresponse.sbr
c:\openfresco2019\win64\obj\experimentalrecorder\debug\expsetuprecorder.sbr
c:\openfresco2019\win64\obj\experimentalrecorder\debug\expsetupresponse.sbr
c:\openfresco2019\win64\obj\experimentalrecorder\debug\expsignalfilterrecorder.sbr
c:\openfresco2019\win64\obj\experimentalrecorder\debug\expsignalfilterresponse.sbr
c:\openfresco2019\win64\obj\experimentalrecorder\debug\expsiterecorder.sbr
c:\openfresco2019\win64\obj\experimentalrecorder\debug\expsiteresponse.sbr
c:\openfresco2019\win64\obj\experimentalrecorder\debug\exptangentstiffrecorder.sbr
c:\openfresco2019\win64\obj\experimentalrecorder\debug\exptangentstiffresponse.sbr
c:\openfresco2019\win64\lib\debug\experimentalrecorder.lib
c:\openfresco2019\win64\obj\experimentalrecorder\debug\experime.fd32d58d.tlog\bscmake.command.1.tlog
c:\openfresco2019\win64\obj\experimentalrecorder\debug\experime.fd32d58d.tlog\bscmake.read.1.tlog
c:\openfresco2019\win64\obj\experimentalrecorder\debug\experime.fd32d58d.tlog\bscmake.write.1.tlog
c:\openfresco2019\win64\obj\experimentalrecorder\debug\experime.fd32d58d.tlog\cl.command.1.tlog
c:\openfresco2019\win64\obj\experimentalrecorder\debug\experime.fd32d58d.tlog\cl.read.1.tlog
c:\openfresco2019\win64\obj\experimentalrecorder\debug\experime.fd32d58d.tlog\cl.write.1.tlog
c:\openfresco2019\win64\obj\experimentalrecorder\debug\experime.fd32d58d.tlog\lib-link.read.1.tlog
c:\openfresco2019\win64\obj\experimentalrecorder\debug\experime.fd32d58d.tlog\lib-link.write.1.tlog
c:\openfresco2019\win64\obj\experimentalrecorder\debug\experime.fd32d58d.tlog\lib.command.1.tlog
