c:\openfresco2019\win64\lib\debug\experimentalsetup.bsc
c:\openfresco2019\win64\obj\experimentalsetup\debug\vc142.pdb
c:\openfresco2019\win64\obj\experimentalsetup\debug\esaggregator.sbr
c:\openfresco2019\win64\obj\experimentalsetup\debug\esfouractuators3d.sbr
c:\openfresco2019\win64\obj\experimentalsetup\debug\esinvertedvbrace2d.sbr
c:\openfresco2019\win64\obj\experimentalsetup\debug\esinvertedvbracejntoff2d.sbr
c:\openfresco2019\win64\obj\experimentalsetup\debug\esnotransformation.sbr
c:\openfresco2019\win64\obj\experimentalsetup\debug\esoneactuator.sbr
c:\openfresco2019\win64\obj\experimentalsetup\debug\esthreeactuators.sbr
c:\openfresco2019\win64\obj\experimentalsetup\debug\esthreeactuators2d.sbr
c:\openfresco2019\win64\obj\experimentalsetup\debug\esthreeactuatorsjntoff.sbr
c:\openfresco2019\win64\obj\experimentalsetup\debug\esthreeactuatorsjntoff2d.sbr
c:\openfresco2019\win64\obj\experimentalsetup\debug\estwoactuators2d.sbr
c:\openfresco2019\win64\obj\experimentalsetup\debug\experimentalsetup.sbr
c:\openfresco2019\win64\obj\experimentalsetup\debug\experimentalsetup.obj
c:\openfresco2019\win64\obj\experimentalsetup\debug\estwoactuators2d.obj
c:\openfresco2019\win64\obj\experimentalsetup\debug\esthreeactuatorsjntoff2d.obj
c:\openfresco2019\win64\obj\experimentalsetup\debug\esthreeactuatorsjntoff.obj
c:\openfresco2019\win64\obj\experimentalsetup\debug\esthreeactuators2d.obj
c:\openfresco2019\win64\obj\experimentalsetup\debug\esthreeactuators.obj
c:\openfresco2019\win64\obj\experimentalsetup\debug\esoneactuator.obj
c:\openfresco2019\win64\obj\experimentalsetup\debug\esnotransformation.obj
c:\openfresco2019\win64\obj\experimentalsetup\debug\esinvertedvbracejntoff2d.obj
c:\openfresco2019\win64\obj\experimentalsetup\debug\esinvertedvbrace2d.obj
c:\openfresco2019\win64\obj\experimentalsetup\debug\esfouractuators3d.obj
c:\openfresco2019\win64\obj\experimentalsetup\debug\esaggregator.obj
c:\openfresco2019\win64\lib\debug\experimentalsetup.lib
c:\openfresco2019\win64\obj\experimentalsetup\debug\experime.19fa1db8.tlog\bscmake.command.1.tlog
c:\openfresco2019\win64\obj\experimentalsetup\debug\experime.19fa1db8.tlog\bscmake.read.1.tlog
c:\openfresco2019\win64\obj\experimentalsetup\debug\experime.19fa1db8.tlog\bscmake.write.1.tlog
c:\openfresco2019\win64\obj\experimentalsetup\debug\experime.19fa1db8.tlog\cl.command.1.tlog
c:\openfresco2019\win64\obj\experimentalsetup\debug\experime.19fa1db8.tlog\cl.read.1.tlog
c:\openfresco2019\win64\obj\experimentalsetup\debug\experime.19fa1db8.tlog\cl.write.1.tlog
c:\openfresco2019\win64\obj\experimentalsetup\debug\experime.19fa1db8.tlog\lib-link.read.1.tlog
c:\openfresco2019\win64\obj\experimentalsetup\debug\experime.19fa1db8.tlog\lib-link.write.1.tlog
c:\openfresco2019\win64\obj\experimentalsetup\debug\experime.19fa1db8.tlog\lib.command.1.tlog
