c:\openfresco\win64\lib\debug\experimentalcontrol.bsc
c:\openfresco\win64\obj\experimentalcontrol\debug\vc142.pdb
c:\openfresco\win64\obj\experimentalcontrol\debug\expcontrolsp.sbr
c:\openfresco\win64\obj\experimentalcontrol\debug\experimentalcp.sbr
c:\openfresco\win64\obj\experimentalcontrol\debug\ecgenerictcp.sbr
c:\openfresco\win64\obj\experimentalcontrol\debug\eclabview.sbr
c:\openfresco\win64\obj\experimentalcontrol\debug\ecscramnet.sbr
c:\openfresco\win64\obj\experimentalcontrol\debug\ecscramnetgt.sbr
c:\openfresco\win64\obj\experimentalcontrol\debug\ecsimdomain.sbr
c:\openfresco\win64\obj\experimentalcontrol\debug\ecsimfeadapter.sbr
c:\openfresco\win64\obj\experimentalcontrol\debug\ecsimsimulink.sbr
c:\openfresco\win64\obj\experimentalcontrol\debug\ecsimulation.sbr
c:\openfresco\win64\obj\experimentalcontrol\debug\ecsimuniaxialmaterials.sbr
c:\openfresco\win64\obj\experimentalcontrol\debug\ecxpctarget.sbr
c:\openfresco\win64\obj\experimentalcontrol\debug\experimentalcontrol.sbr
c:\openfresco\win64\obj\experimentalcontrol\debug\experimentalcontrol.obj
c:\openfresco\win64\obj\experimentalcontrol\debug\ecxpctarget.obj
c:\openfresco\win64\obj\experimentalcontrol\debug\ecsimuniaxialmaterials.obj
c:\openfresco\win64\obj\experimentalcontrol\debug\ecsimulation.obj
c:\openfresco\win64\obj\experimentalcontrol\debug\ecsimsimulink.obj
c:\openfresco\win64\obj\experimentalcontrol\debug\ecsimfeadapter.obj
c:\openfresco\win64\obj\experimentalcontrol\debug\ecsimdomain.obj
c:\openfresco\win64\obj\experimentalcontrol\debug\ecscramnetgt.obj
c:\openfresco\win64\obj\experimentalcontrol\debug\ecscramnet.obj
c:\openfresco\win64\obj\experimentalcontrol\debug\eclabview.obj
c:\openfresco\win64\obj\experimentalcontrol\debug\ecgenerictcp.obj
c:\openfresco\win64\obj\experimentalcontrol\debug\experimentalcp.obj
c:\openfresco\win64\obj\experimentalcontrol\debug\expcontrolsp.obj
c:\openfresco\win64\obj\experimentalcontrol\debug\xpcinitfree.sbr
c:\openfresco\win64\obj\experimentalcontrol\debug\xpcinitfree.obj
c:\openfresco\win64\lib\debug\experimentalcontrol.lib
c:\openfresco2019\win64\obj\experimentalcontrol\debug\ecgenerictcp.obj
c:\openfresco2019\win64\obj\experimentalcontrol\debug\eclabview.obj
c:\openfresco2019\win64\obj\experimentalcontrol\debug\ecscramnet.obj
c:\openfresco2019\win64\obj\experimentalcontrol\debug\ecscramnetgt.obj
c:\openfresco2019\win64\obj\experimentalcontrol\debug\ecsimdomain.obj
c:\openfresco2019\win64\obj\experimentalcontrol\debug\ecsimfeadapter.obj
c:\openfresco2019\win64\obj\experimentalcontrol\debug\ecsimsimulink.obj
c:\openfresco2019\win64\obj\experimentalcontrol\debug\ecsimulation.obj
c:\openfresco2019\win64\obj\experimentalcontrol\debug\ecsimuniaxialmaterials.obj
c:\openfresco2019\win64\obj\experimentalcontrol\debug\ecxpctarget.obj
c:\openfresco2019\win64\obj\experimentalcontrol\debug\expcontrolsp.obj
c:\openfresco2019\win64\obj\experimentalcontrol\debug\experimentalcontrol.obj
c:\openfresco2019\win64\obj\experimentalcontrol\debug\experimentalcp.obj
c:\openfresco2019\win64\obj\experimentalcontrol\debug\xpcinitfree.obj
c:\openfresco2019\win64\obj\experimentalcontrol\debug\vc142.pdb
c:\openfresco2019\win64\obj\experimentalcontrol\debug\ecgenerictcp.sbr
c:\openfresco2019\win64\obj\experimentalcontrol\debug\eclabview.sbr
c:\openfresco2019\win64\obj\experimentalcontrol\debug\ecscramnet.sbr
c:\openfresco2019\win64\obj\experimentalcontrol\debug\ecscramnetgt.sbr
c:\openfresco2019\win64\obj\experimentalcontrol\debug\ecsimdomain.sbr
c:\openfresco2019\win64\obj\experimentalcontrol\debug\ecsimfeadapter.sbr
c:\openfresco2019\win64\obj\experimentalcontrol\debug\ecsimsimulink.sbr
c:\openfresco2019\win64\obj\experimentalcontrol\debug\ecsimulation.sbr
c:\openfresco2019\win64\obj\experimentalcontrol\debug\ecsimuniaxialmaterials.sbr
c:\openfresco2019\win64\obj\experimentalcontrol\debug\ecxpctarget.sbr
c:\openfresco2019\win64\obj\experimentalcontrol\debug\expcontrolsp.sbr
c:\openfresco2019\win64\obj\experimentalcontrol\debug\experimentalcontrol.sbr
c:\openfresco2019\win64\obj\experimentalcontrol\debug\experimentalcp.sbr
c:\openfresco2019\win64\obj\experimentalcontrol\debug\xpcinitfree.sbr
c:\openfresco2019\win64\lib\debug\experimentalcontrol.lib
c:\openfresco2019\win64\obj\experimentalcontrol\debug\experime.d9026bc0.tlog\bscmake.command.1.tlog
c:\openfresco2019\win64\obj\experimentalcontrol\debug\experime.d9026bc0.tlog\bscmake.read.1.tlog
c:\openfresco2019\win64\obj\experimentalcontrol\debug\experime.d9026bc0.tlog\bscmake.write.1.tlog
c:\openfresco2019\win64\obj\experimentalcontrol\debug\experime.d9026bc0.tlog\cl.command.1.tlog
c:\openfresco2019\win64\obj\experimentalcontrol\debug\experime.d9026bc0.tlog\cl.read.1.tlog
c:\openfresco2019\win64\obj\experimentalcontrol\debug\experime.d9026bc0.tlog\cl.write.1.tlog
c:\openfresco2019\win64\obj\experimentalcontrol\debug\experime.d9026bc0.tlog\lib-link.read.1.tlog
c:\openfresco2019\win64\obj\experimentalcontrol\debug\experime.d9026bc0.tlog\lib-link.write.1.tlog
c:\openfresco2019\win64\obj\experimentalcontrol\debug\experime.d9026bc0.tlog\lib.command.1.tlog
